<?xml version="1.0" encoding="UTF-8"?>
<!-- Generated by org.testng.reporters.JUnitReportReporter -->
<testsuite hostname="SUREKA-P" failures="0" tests="1" name="yatraProgram.selectPlace" time="40.896" errors="0" timestamp="2021-06-21T08:34:59 IST" skipped="0">
  <testcase classname="yatraProgram.selectPlace" name="place" time="40.896"/>
  <system-out/>
</testsuite> <!-- yatraProgram.selectPlace -->
