<?xml version="1.0" encoding="UTF-8"?>
<!-- Generated by org.testng.reporters.JUnitReportReporter -->
<testsuite hostname="SUREKA-P" failures="0" tests="1" name="yatraProgram.selectPlace" time="38.534" errors="0" timestamp="2021-06-21T07:27:03 IST" skipped="0">
  <testcase classname="yatraProgram.selectPlace" name="place" time="38.534"/>
  <system-out/>
</testsuite> <!-- yatraProgram.selectPlace -->
